<?xml version="1.0" encoding="UTF-8"?>
<testng-results skipped="0" failed="0" ignored="0" total="4" passed="4">
  <reporter-output>
    <line>
      <![CDATA[Goto The Simple Form Demo Page]]>
    </line>
    <line>
      <![CDATA[Retrive the message from the Excel sheet]]>
    </line>
    <line>
      <![CDATA[Write the message to the Text Box Field]]>
    </line>
    <line>
      <![CDATA[Click the show message Button]]>
    </line>
    <line>
      <![CDATA[Retrive The displayed Message from the UI]]>
    </line>
    <line>
      <![CDATA[Assert the Expected message with the actual message]]>
    </line>
    <line>
      <![CDATA[Retrive A value from The Excel Sheet]]>
    </line>
    <line>
      <![CDATA[Retrive A value from The Excel Sheet]]>
    </line>
    <line>
      <![CDATA[Put the value of A into text Field]]>
    </line>
    <line>
      <![CDATA[Put the value of B into text Field]]>
    </line>
    <line>
      <![CDATA[Click The get total Button to get the Summation]]>
    </line>
    <line>
      <![CDATA[Retrive the total value from the UI]]>
    </line>
    <line>
      <![CDATA[Assert The Actual sum with the expected sum]]>
    </line>
    <line>
      <![CDATA[Goto Vheckbox demo page]]>
    </line>
    <line>
      <![CDATA[Select the first CheckBox ]]>
    </line>
    <line>
      <![CDATA[Retrive the Actual message after selecting chekbox]]>
    </line>
    <line>
      <![CDATA[Retrive the Expected message from excel Sheet]]>
    </line>
    <line>
      <![CDATA[Assert the actual message with Expected message]]>
    </line>
    <line>
      <![CDATA[Click the check all button]]>
    </line>
    <line>
      <![CDATA[Retrive the status of all check box]]>
    </line>
    <line>
      <![CDATA[Assert the status with expected status]]>
    </line>
    <line>
      <![CDATA[Retrive the status of the Button]]>
    </line>
    <line>
      <![CDATA[Retrive the expected status frm excel sheet]]>
    </line>
    <line>
      <![CDATA[Assert the expected button status with actual button status]]>
    </line>
    <line>
      <![CDATA[Goto The Simple Form Demo Page]]>
    </line>
    <line>
      <![CDATA[Retrive the message from the Excel sheet]]>
    </line>
    <line>
      <![CDATA[Write the message to the Text Box Field]]>
    </line>
    <line>
      <![CDATA[Click the show message Button]]>
    </line>
    <line>
      <![CDATA[Retrive The displayed Message from the UI]]>
    </line>
    <line>
      <![CDATA[Assert the Expected message with the actual message]]>
    </line>
    <line>
      <![CDATA[Retrive A value from The Excel Sheet]]>
    </line>
    <line>
      <![CDATA[Retrive A value from The Excel Sheet]]>
    </line>
    <line>
      <![CDATA[Put the value of A into text Field]]>
    </line>
    <line>
      <![CDATA[Put the value of B into text Field]]>
    </line>
    <line>
      <![CDATA[Click The get total Button to get the Summation]]>
    </line>
    <line>
      <![CDATA[Retrive the total value from the UI]]>
    </line>
    <line>
      <![CDATA[Assert The Actual sum with the expected sum]]>
    </line>
    <line>
      <![CDATA[Goto Vheckbox demo page]]>
    </line>
    <line>
      <![CDATA[Select the first CheckBox ]]>
    </line>
    <line>
      <![CDATA[Retrive the Actual message after selecting chekbox]]>
    </line>
    <line>
      <![CDATA[Retrive the Expected message from excel Sheet]]>
    </line>
    <line>
      <![CDATA[Assert the actual message with Expected message]]>
    </line>
    <line>
      <![CDATA[Click the check all button]]>
    </line>
    <line>
      <![CDATA[Retrive the status of all check box]]>
    </line>
    <line>
      <![CDATA[Assert the status with expected status]]>
    </line>
    <line>
      <![CDATA[Retrive the status of the Button]]>
    </line>
    <line>
      <![CDATA[Retrive the expected status frm excel sheet]]>
    </line>
    <line>
      <![CDATA[Assert the expected button status with actual button status]]>
    </line>
  </reporter-output>
  <suite name="Suite" duration-ms="29462" started-at="2018-06-19T09:19:14Z" finished-at="2018-06-19T09:19:43Z">
    <groups>
    </groups>
    <test name="Test1" duration-ms="9576" started-at="2018-06-19T09:19:14Z" finished-at="2018-06-19T09:19:23Z">
      <class name="InputForms">
        <test-method status="PASS" signature="beforeConfigBrowser(java.lang.String)[pri:0, instance:InputForms@3551a94]" name="beforeConfigBrowser" is-config="true" duration-ms="1544" started-at="2018-06-19T09:19:14Z" finished-at="2018-06-19T09:19:15Z">
          <params>
            <param index="0">
              <value>
                <![CDATA[Chrome]]>
              </value>
            </param>
          </params>
          <reporter-output>
          </reporter-output>
        </test-method> <!-- beforeConfigBrowser -->
        <test-method status="PASS" signature="openUrl()[pri:0, instance:InputForms@3551a94]" name="openUrl" is-config="true" duration-ms="3721" started-at="2018-06-19T09:19:15Z" finished-at="2018-06-19T09:19:19Z">
          <reporter-output>
          </reporter-output>
        </test-method> <!-- openUrl -->
        <test-method status="PASS" signature="simpleFormTest()[pri:1, instance:InputForms@3551a94]" name="simpleFormTest" duration-ms="1868" started-at="2018-06-19T09:19:19Z" finished-at="2018-06-19T09:19:21Z">
          <reporter-output>
            <line>
              <![CDATA[Goto The Simple Form Demo Page]]>
            </line>
            <line>
              <![CDATA[Retrive the message from the Excel sheet]]>
            </line>
            <line>
              <![CDATA[Write the message to the Text Box Field]]>
            </line>
            <line>
              <![CDATA[Click the show message Button]]>
            </line>
            <line>
              <![CDATA[Retrive The displayed Message from the UI]]>
            </line>
            <line>
              <![CDATA[Assert the Expected message with the actual message]]>
            </line>
            <line>
              <![CDATA[Retrive A value from The Excel Sheet]]>
            </line>
            <line>
              <![CDATA[Retrive A value from The Excel Sheet]]>
            </line>
            <line>
              <![CDATA[Put the value of A into text Field]]>
            </line>
            <line>
              <![CDATA[Put the value of B into text Field]]>
            </line>
            <line>
              <![CDATA[Click The get total Button to get the Summation]]>
            </line>
            <line>
              <![CDATA[Retrive the total value from the UI]]>
            </line>
            <line>
              <![CDATA[Assert The Actual sum with the expected sum]]>
            </line>
          </reporter-output>
        </test-method> <!-- simpleFormTest -->
        <test-method status="PASS" signature="returnHome()[pri:0, instance:InputForms@3551a94]" name="returnHome" is-config="true" duration-ms="421" started-at="2018-06-19T09:19:21Z" finished-at="2018-06-19T09:19:21Z">
          <reporter-output>
          </reporter-output>
        </test-method> <!-- returnHome -->
        <test-method status="PASS" signature="openUrl()[pri:0, instance:InputForms@3551a94]" name="openUrl" is-config="true" duration-ms="279" started-at="2018-06-19T09:19:21Z" finished-at="2018-06-19T09:19:22Z">
          <reporter-output>
          </reporter-output>
        </test-method> <!-- openUrl -->
        <test-method status="PASS" signature="checkBoxTest()[pri:2, instance:InputForms@3551a94]" name="checkBoxTest" duration-ms="1297" started-at="2018-06-19T09:19:22Z" finished-at="2018-06-19T09:19:23Z">
          <reporter-output>
            <line>
              <![CDATA[Goto Vheckbox demo page]]>
            </line>
            <line>
              <![CDATA[Select the first CheckBox ]]>
            </line>
            <line>
              <![CDATA[Retrive the Actual message after selecting chekbox]]>
            </line>
            <line>
              <![CDATA[Retrive the Expected message from excel Sheet]]>
            </line>
            <line>
              <![CDATA[Assert the actual message with Expected message]]>
            </line>
            <line>
              <![CDATA[Click the check all button]]>
            </line>
            <line>
              <![CDATA[Retrive the status of all check box]]>
            </line>
            <line>
              <![CDATA[Assert the status with expected status]]>
            </line>
            <line>
              <![CDATA[Retrive the status of the Button]]>
            </line>
            <line>
              <![CDATA[Retrive the expected status frm excel sheet]]>
            </line>
            <line>
              <![CDATA[Assert the expected button status with actual button status]]>
            </line>
          </reporter-output>
        </test-method> <!-- checkBoxTest -->
        <test-method status="PASS" signature="returnHome()[pri:0, instance:InputForms@3551a94]" name="returnHome" is-config="true" duration-ms="349" started-at="2018-06-19T09:19:23Z" finished-at="2018-06-19T09:19:23Z">
          <reporter-output>
          </reporter-output>
        </test-method> <!-- returnHome -->
        <test-method status="PASS" signature="afterConfigBrowser()[pri:0, instance:InputForms@3551a94]" name="afterConfigBrowser" is-config="true" duration-ms="72" started-at="2018-06-19T09:19:23Z" finished-at="2018-06-19T09:19:23Z">
          <reporter-output>
          </reporter-output>
        </test-method> <!-- afterConfigBrowser -->
      </class> <!-- InputForms -->
    </test> <!-- Test1 -->
    <test name="Test2" duration-ms="19870" started-at="2018-06-19T09:19:23Z" finished-at="2018-06-19T09:19:43Z">
      <class name="InputForms">
        <test-method status="PASS" signature="beforeConfigBrowser(java.lang.String)[pri:0, instance:InputForms@7921b0a2]" name="beforeConfigBrowser" is-config="true" duration-ms="7489" started-at="2018-06-19T09:19:23Z" finished-at="2018-06-19T09:19:31Z">
          <params>
            <param index="0">
              <value>
                <![CDATA[Firefox]]>
              </value>
            </param>
          </params>
          <reporter-output>
          </reporter-output>
        </test-method> <!-- beforeConfigBrowser -->
        <test-method status="PASS" signature="openUrl()[pri:0, instance:InputForms@7921b0a2]" name="openUrl" is-config="true" duration-ms="5421" started-at="2018-06-19T09:19:31Z" finished-at="2018-06-19T09:19:36Z">
          <reporter-output>
          </reporter-output>
        </test-method> <!-- openUrl -->
        <test-method status="PASS" signature="simpleFormTest()[pri:1, instance:InputForms@7921b0a2]" name="simpleFormTest" duration-ms="2641" started-at="2018-06-19T09:19:36Z" finished-at="2018-06-19T09:19:39Z">
          <reporter-output>
            <line>
              <![CDATA[Goto The Simple Form Demo Page]]>
            </line>
            <line>
              <![CDATA[Retrive the message from the Excel sheet]]>
            </line>
            <line>
              <![CDATA[Write the message to the Text Box Field]]>
            </line>
            <line>
              <![CDATA[Click the show message Button]]>
            </line>
            <line>
              <![CDATA[Retrive The displayed Message from the UI]]>
            </line>
            <line>
              <![CDATA[Assert the Expected message with the actual message]]>
            </line>
            <line>
              <![CDATA[Retrive A value from The Excel Sheet]]>
            </line>
            <line>
              <![CDATA[Retrive A value from The Excel Sheet]]>
            </line>
            <line>
              <![CDATA[Put the value of A into text Field]]>
            </line>
            <line>
              <![CDATA[Put the value of B into text Field]]>
            </line>
            <line>
              <![CDATA[Click The get total Button to get the Summation]]>
            </line>
            <line>
              <![CDATA[Retrive the total value from the UI]]>
            </line>
            <line>
              <![CDATA[Assert The Actual sum with the expected sum]]>
            </line>
          </reporter-output>
        </test-method> <!-- simpleFormTest -->
        <test-method status="PASS" signature="returnHome()[pri:0, instance:InputForms@7921b0a2]" name="returnHome" is-config="true" duration-ms="695" started-at="2018-06-19T09:19:39Z" finished-at="2018-06-19T09:19:40Z">
          <reporter-output>
          </reporter-output>
        </test-method> <!-- returnHome -->
        <test-method status="PASS" signature="openUrl()[pri:0, instance:InputForms@7921b0a2]" name="openUrl" is-config="true" duration-ms="397" started-at="2018-06-19T09:19:40Z" finished-at="2018-06-19T09:19:40Z">
          <reporter-output>
          </reporter-output>
        </test-method> <!-- openUrl -->
        <test-method status="PASS" signature="checkBoxTest()[pri:2, instance:InputForms@7921b0a2]" name="checkBoxTest" duration-ms="1812" started-at="2018-06-19T09:19:40Z" finished-at="2018-06-19T09:19:42Z">
          <reporter-output>
            <line>
              <![CDATA[Goto Vheckbox demo page]]>
            </line>
            <line>
              <![CDATA[Select the first CheckBox ]]>
            </line>
            <line>
              <![CDATA[Retrive the Actual message after selecting chekbox]]>
            </line>
            <line>
              <![CDATA[Retrive the Expected message from excel Sheet]]>
            </line>
            <line>
              <![CDATA[Assert the actual message with Expected message]]>
            </line>
            <line>
              <![CDATA[Click the check all button]]>
            </line>
            <line>
              <![CDATA[Retrive the status of all check box]]>
            </line>
            <line>
              <![CDATA[Assert the status with expected status]]>
            </line>
            <line>
              <![CDATA[Retrive the status of the Button]]>
            </line>
            <line>
              <![CDATA[Retrive the expected status frm excel sheet]]>
            </line>
            <line>
              <![CDATA[Assert the expected button status with actual button status]]>
            </line>
          </reporter-output>
        </test-method> <!-- checkBoxTest -->
        <test-method status="PASS" signature="returnHome()[pri:0, instance:InputForms@7921b0a2]" name="returnHome" is-config="true" duration-ms="445" started-at="2018-06-19T09:19:42Z" finished-at="2018-06-19T09:19:42Z">
          <reporter-output>
          </reporter-output>
        </test-method> <!-- returnHome -->
        <test-method status="PASS" signature="afterConfigBrowser()[pri:0, instance:InputForms@7921b0a2]" name="afterConfigBrowser" is-config="true" duration-ms="969" started-at="2018-06-19T09:19:42Z" finished-at="2018-06-19T09:19:43Z">
          <reporter-output>
          </reporter-output>
        </test-method> <!-- afterConfigBrowser -->
      </class> <!-- InputForms -->
    </test> <!-- Test2 -->
  </suite> <!-- Suite -->
</testng-results>
