<?xml version="1.0" encoding="UTF-8"?>
<testsuite xmlns:xsi="http://www.w3.org/2001/XMLSchema-instance" xsi:noNamespaceSchemaLocation="https://maven.apache.org/surefire/maven-surefire-plugin/xsd/surefire-test-report.xsd" name="TestSuite" time="29.922" tests="4" errors="0" skipped="0" failures="0">
  <properties>
[...]
</properties>
  <testcase name="simpleFormTest" classname="InputForms" time="1.87"/>
  <testcase name="simpleFormTest" classname="InputForms" time="2.64"/>
  <testcase name="checkBoxTest" classname="InputForms" time="1.298"/>
  <testcase name="checkBoxTest" classname="InputForms" time="1.81"/>
</testsuite>