<?xml version="1.0" encoding="UTF-8"?>
<testng-results skipped="0" failed="0" ignored="0" total="2" passed="2">
  <reporter-output>
    <line>
      <![CDATA[Goto The Simple Form Demo Page]]>
    </line>
    <line>
      <![CDATA[Retrive the message from the Excel sheet]]>
    </line>
    <line>
      <![CDATA[Write the message to the Text Box Field]]>
    </line>
    <line>
      <![CDATA[Click the show message Button]]>
    </line>
    <line>
      <![CDATA[Retrive The displayed Message from the UI]]>
    </line>
    <line>
      <![CDATA[Assert the Expected message with the actual message]]>
    </line>
    <line>
      <![CDATA[Retrive A value from The Excel Sheet]]>
    </line>
    <line>
      <![CDATA[Retrive A value from The Excel Sheet]]>
    </line>
    <line>
      <![CDATA[Put the value of A into text Field]]>
    </line>
    <line>
      <![CDATA[Put the value of B into text Field]]>
    </line>
    <line>
      <![CDATA[Click The get total Button to get the Summation]]>
    </line>
    <line>
      <![CDATA[Retrive the total value from the UI]]>
    </line>
    <line>
      <![CDATA[Assert The Actual sum with the expected sum]]>
    </line>
    <line>
      <![CDATA[Goto Vheckbox demo page]]>
    </line>
    <line>
      <![CDATA[Select the first CheckBox ]]>
    </line>
    <line>
      <![CDATA[Retrive the Actual message after selecting chekbox]]>
    </line>
    <line>
      <![CDATA[Retrive the Expected message from excel Sheet]]>
    </line>
    <line>
      <![CDATA[Assert the actual message with Expected message]]>
    </line>
    <line>
      <![CDATA[Click the check all button]]>
    </line>
    <line>
      <![CDATA[Retrive the status of all check box]]>
    </line>
    <line>
      <![CDATA[Assert the status with expected status]]>
    </line>
    <line>
      <![CDATA[Retrive the status of the Button]]>
    </line>
    <line>
      <![CDATA[Retrive the expected status frm excel sheet]]>
    </line>
    <line>
      <![CDATA[Assert the expected button status with actual button status]]>
    </line>
  </reporter-output>
  <suite name="Suite" duration-ms="25233" started-at="2018-06-20T13:58:10Z" finished-at="2018-06-20T13:58:35Z">
    <groups>
    </groups>
    <test name="Test1" duration-ms="25233" started-at="2018-06-20T13:58:10Z" finished-at="2018-06-20T13:58:35Z">
      <class name="InputForms">
        <test-method status="PASS" signature="beforeConfigBrowser(java.lang.String)[pri:0, instance:InputForms@54a097cc]" name="beforeConfigBrowser" is-config="true" duration-ms="2470" started-at="2018-06-20T13:58:10Z" finished-at="2018-06-20T13:58:12Z">
          <params>
            <param index="0">
              <value>
                <![CDATA[Chrome]]>
              </value>
            </param>
          </params>
          <reporter-output>
          </reporter-output>
        </test-method> <!-- beforeConfigBrowser -->
        <test-method status="PASS" signature="openUrl()[pri:0, instance:InputForms@54a097cc]" name="openUrl" is-config="true" duration-ms="8531" started-at="2018-06-20T13:58:12Z" finished-at="2018-06-20T13:58:21Z">
          <reporter-output>
          </reporter-output>
        </test-method> <!-- openUrl -->
        <test-method status="PASS" signature="simpleFormTest()[pri:1, instance:InputForms@54a097cc]" name="simpleFormTest" duration-ms="2139" started-at="2018-06-20T13:58:21Z" finished-at="2018-06-20T13:58:23Z">
          <reporter-output>
            <line>
              <![CDATA[Goto The Simple Form Demo Page]]>
            </line>
            <line>
              <![CDATA[Retrive the message from the Excel sheet]]>
            </line>
            <line>
              <![CDATA[Write the message to the Text Box Field]]>
            </line>
            <line>
              <![CDATA[Click the show message Button]]>
            </line>
            <line>
              <![CDATA[Retrive The displayed Message from the UI]]>
            </line>
            <line>
              <![CDATA[Assert the Expected message with the actual message]]>
            </line>
            <line>
              <![CDATA[Retrive A value from The Excel Sheet]]>
            </line>
            <line>
              <![CDATA[Retrive A value from The Excel Sheet]]>
            </line>
            <line>
              <![CDATA[Put the value of A into text Field]]>
            </line>
            <line>
              <![CDATA[Put the value of B into text Field]]>
            </line>
            <line>
              <![CDATA[Click The get total Button to get the Summation]]>
            </line>
            <line>
              <![CDATA[Retrive the total value from the UI]]>
            </line>
            <line>
              <![CDATA[Assert The Actual sum with the expected sum]]>
            </line>
          </reporter-output>
        </test-method> <!-- simpleFormTest -->
        <test-method status="PASS" signature="returnHome()[pri:0, instance:InputForms@54a097cc]" name="returnHome" is-config="true" duration-ms="10091" started-at="2018-06-20T13:58:23Z" finished-at="2018-06-20T13:58:33Z">
          <reporter-output>
          </reporter-output>
        </test-method> <!-- returnHome -->
        <test-method status="PASS" signature="openUrl()[pri:0, instance:InputForms@54a097cc]" name="openUrl" is-config="true" duration-ms="254" started-at="2018-06-20T13:58:33Z" finished-at="2018-06-20T13:58:33Z">
          <reporter-output>
          </reporter-output>
        </test-method> <!-- openUrl -->
        <test-method status="PASS" signature="checkBoxTest()[pri:2, instance:InputForms@54a097cc]" name="checkBoxTest" duration-ms="1310" started-at="2018-06-20T13:58:33Z" finished-at="2018-06-20T13:58:35Z">
          <reporter-output>
            <line>
              <![CDATA[Goto Vheckbox demo page]]>
            </line>
            <line>
              <![CDATA[Select the first CheckBox ]]>
            </line>
            <line>
              <![CDATA[Retrive the Actual message after selecting chekbox]]>
            </line>
            <line>
              <![CDATA[Retrive the Expected message from excel Sheet]]>
            </line>
            <line>
              <![CDATA[Assert the actual message with Expected message]]>
            </line>
            <line>
              <![CDATA[Click the check all button]]>
            </line>
            <line>
              <![CDATA[Retrive the status of all check box]]>
            </line>
            <line>
              <![CDATA[Assert the status with expected status]]>
            </line>
            <line>
              <![CDATA[Retrive the status of the Button]]>
            </line>
            <line>
              <![CDATA[Retrive the expected status frm excel sheet]]>
            </line>
            <line>
              <![CDATA[Assert the expected button status with actual button status]]>
            </line>
          </reporter-output>
        </test-method> <!-- checkBoxTest -->
        <test-method status="PASS" signature="returnHome()[pri:0, instance:InputForms@54a097cc]" name="returnHome" is-config="true" duration-ms="337" started-at="2018-06-20T13:58:35Z" finished-at="2018-06-20T13:58:35Z">
          <reporter-output>
          </reporter-output>
        </test-method> <!-- returnHome -->
        <test-method status="PASS" signature="afterConfigBrowser()[pri:0, instance:InputForms@54a097cc]" name="afterConfigBrowser" is-config="true" duration-ms="75" started-at="2018-06-20T13:58:35Z" finished-at="2018-06-20T13:58:35Z">
          <reporter-output>
          </reporter-output>
        </test-method> <!-- afterConfigBrowser -->
      </class> <!-- InputForms -->
    </test> <!-- Test1 -->
  </suite> <!-- Suite -->
</testng-results>
